<?xml version="1.0" encoding="UTF-8"?>
<coverage generated="1753398769681" clover="3.2.0">
  <project timestamp="1753398769681" name="All files">
    <metrics statements="11" coveredstatements="8" conditionals="6" coveredconditionals="1" methods="5" coveredmethods="4" elements="22" coveredelements="13" complexity="0" loc="11" ncloc="11" packages="1" files="2" classes="2"/>
    <file name="main.js" path="C:\Users\Gonzalo\Documents\GitHub\lavagancia\boot.dev\learn_javascript\chapter4_objects\lesson1\main.js">
      <metrics statements="3" coveredstatements="3" conditionals="0" coveredconditionals="0" methods="1" coveredmethods="1"/>
      <line num="29" count="3" type="stmt"/>
      <line num="34" count="3" type="stmt"/>
      <line num="36" count="3" type="stmt"/>
    </file>
    <file name="unit_test.js" path="C:\Users\Gonzalo\Documents\GitHub\lavagancia\boot.dev\learn_javascript\chapter4_objects\lesson1\unit_test.js">
      <metrics statements="8" coveredstatements="5" conditionals="6" coveredconditionals="1" methods="4" coveredmethods="3"/>
      <line num="4" count="1" type="stmt"/>
      <line num="8" count="3" type="stmt"/>
      <line num="12" count="0" type="cond" truecount="0" falsecount="2"/>
      <line num="13" count="0" type="stmt"/>
      <line num="18" count="1" type="cond" truecount="0" falsecount="1"/>
      <line num="19" count="9" type="cond" truecount="1" falsecount="1"/>
      <line num="20" count="0" type="stmt"/>
      <line num="25" count="1" type="stmt"/>
    </file>
  </project>
</coverage>
