{"C:\\Users\\Gonzalo\\Documents\\GitHub\\lavagancia\\boot.dev\\learn_javascript\\chapter4_objects\\lesson1\\main.js": {"path":"C:\\Users\\Gonzalo\\Documents\\GitHub\\lavagancia\\boot.dev\\learn_javascript\\chapter4_objects\\lesson1\\main.js","statementMap":{"0":{"start":{"line":29,"column":12},"end":{"line":33,"column":3}},"1":{"start":{"line":34,"column":2},"end":{"line":34,"column":62}},"2":{"start":{"line":36,"column":2},"end":{"line":36,"column":14}}},"fnMap":{"0":{"name":"createMessage","decl":{"start":{"line":26,"column":9},"end":{"line":26,"column":22}},"loc":{"start":{"line":26,"column":45},"end":{"line":37,"column":1}},"line":26}},"branchMap":{},"s":{"0":3,"1":3,"2":3},"f":{"0":3},"b":{},"_coverageSchema":"1a1c01bbd47fc00a2c39e90264f33305004495a9","hash":"3fb08f3522156ec7feca1ad23d80a23759b7f769"}
,"C:\\Users\\Gonzalo\\Documents\\GitHub\\lavagancia\\boot.dev\\learn_javascript\\chapter4_objects\\lesson1\\unit_test.js": {"path":"C:\\Users\\Gonzalo\\Documents\\GitHub\\lavagancia\\boot.dev\\learn_javascript\\chapter4_objects\\lesson1\\unit_test.js","statementMap":{"0":{"start":{"line":4,"column":2},"end":{"line":4,"column":28}},"1":{"start":{"line":8,"column":2},"end":{"line":8,"column":24}},"2":{"start":{"line":12,"column":2},"end":{"line":14,"column":3}},"3":{"start":{"line":13,"column":4},"end":{"line":13,"column":29}},"4":{"start":{"line":18,"column":0},"end":{"line":22,"column":2}},"5":{"start":{"line":19,"column":2},"end":{"line":21,"column":3}},"6":{"start":{"line":20,"column":4},"end":{"line":20,"column":29}},"7":{"start":{"line":25,"column":26},"end":{"line":25,"column":31}}},"fnMap":{"0":{"name":"describe","decl":{"start":{"line":3,"column":16},"end":{"line":3,"column":24}},"loc":{"start":{"line":3,"column":35},"end":{"line":5,"column":1}},"line":3},"1":{"name":"it","decl":{"start":{"line":7,"column":16},"end":{"line":7,"column":18}},"loc":{"start":{"line":7,"column":29},"end":{"line":9,"column":1}},"line":7},"2":{"name":"assert","decl":{"start":{"line":11,"column":16},"end":{"line":11,"column":22}},"loc":{"start":{"line":11,"column":64},"end":{"line":15,"column":1}},"line":11},"3":{"name":"(anonymous_3)","decl":{"start":{"line":18,"column":21},"end":{"line":18,"column":22}},"loc":{"start":{"line":18,"column":83},"end":{"line":22,"column":1}},"line":18}},"branchMap":{"0":{"loc":{"start":{"line":11,"column":34},"end":{"line":11,"column":62}},"type":"default-arg","locations":[{"start":{"line":11,"column":44},"end":{"line":11,"column":62}}],"line":11},"1":{"loc":{"start":{"line":12,"column":2},"end":{"line":14,"column":3}},"type":"if","locations":[{"start":{"line":12,"column":2},"end":{"line":14,"column":3}},{"start":{},"end":{}}],"line":12},"2":{"loc":{"start":{"line":18,"column":49},"end":{"line":18,"column":81}},"type":"default-arg","locations":[{"start":{"line":18,"column":59},"end":{"line":18,"column":81}}],"line":18},"3":{"loc":{"start":{"line":19,"column":2},"end":{"line":21,"column":3}},"type":"if","locations":[{"start":{"line":19,"column":2},"end":{"line":21,"column":3}},{"start":{},"end":{}}],"line":19}},"s":{"0":1,"1":3,"2":0,"3":0,"4":1,"5":9,"6":0,"7":1},"f":{"0":1,"1":3,"2":0,"3":9},"b":{"0":[0],"1":[0,0],"2":[0],"3":[0,9]},"_coverageSchema":"1a1c01bbd47fc00a2c39e90264f33305004495a9","hash":"f02eec7698359e15c3906ba2dd03a6b16409499a"}
}
