TN:
SF:chapter4_objects\lesson1\main.js
FN:26,createMessage
FNF:1
FNH:1
FNDA:3,createMessage
DA:29,3
DA:34,3
DA:36,3
LF:3
LH:3
BRF:0
BRH:0
end_of_record
TN:
SF:chapter4_objects\lesson1\unit_test.js
FN:3,describe
FN:7,it
FN:11,assert
FN:18,(anonymous_3)
FNF:4
FNH:3
FNDA:1,describe
FNDA:3,it
FNDA:0,assert
FNDA:9,(anonymous_3)
DA:4,1
DA:8,3
DA:12,0
DA:13,0
DA:18,1
DA:19,9
DA:20,0
DA:25,1
LF:8
LH:5
BRDA:11,0,0,0
BRDA:12,1,0,0
BRDA:12,1,1,0
BRDA:18,2,0,0
BRDA:19,3,0,0
BRDA:19,3,1,9
BRF:6
BRH:1
end_of_record
